<?xml version="1.0" encoding="UTF-8"?>
<!-- Generated by org.testng.reporters.JUnitReportReporter -->
<testsuite skipped="0" hostname="DESKTOP-RTOV87Q" name="com.implementingSeleniumFunctionalities.ScrollingPageUsingJavaScriptExecutor" tests="1" failures="0" timestamp="12 Mar 2018 11:48:07 GMT" time="69.562" errors="0">
  <testcase name="abcd" time="69.562" classname="com.implementingSeleniumFunctionalities.ScrollingPageUsingJavaScriptExecutor"/>
</testsuite> <!-- com.implementingSeleniumFunctionalities.ScrollingPageUsingJavaScriptExecutor -->
