<?xml version="1.0" encoding="UTF-8"?>
<!-- Generated by org.testng.reporters.JUnitReportReporter -->
<testsuite skipped="0" hostname="DESKTOP-RTOV87Q" name="com.implementingSeleniumFunctionalities.Test2" tests="1" failures="0" timestamp="24 Mar 2018 18:07:13 GMT" time="17.884" errors="0">
  <testcase name="validatename" time="17.884" classname="com.implementingSeleniumFunctionalities.Test2"/>
</testsuite> <!-- com.implementingSeleniumFunctionalities.Test2 -->
