<?xml version="1.0" encoding="UTF-8"?>
<!-- Generated by org.testng.reporters.JUnitReportReporter -->
<testsuite skipped="0" hostname="DESKTOP-RTOV87Q" name="com.implementingSeleniumFunctionalities.ManagingMultipleWindows" tests="1" failures="0" timestamp="05 Mar 2018 07:17:19 GMT" time="56.275" errors="0">
  <testcase name="managemultiplewindows" time="56.275" classname="com.implementingSeleniumFunctionalities.ManagingMultipleWindows"/>
</testsuite> <!-- com.implementingSeleniumFunctionalities.ManagingMultipleWindows -->
