<?xml version="1.0" encoding="UTF-8"?>
<!-- Generated by org.testng.reporters.JUnitReportReporter -->
<testsuite skipped="0" hostname="DESKTOP-RTOV87Q" name="com.implementingSeleniumFunctionalities.HandleWindowsAuthentication" tests="1" failures="0" timestamp="14 Mar 2018 06:47:08 GMT" time="9.509" errors="0">
  <testcase name="handlewindowsauthusingAutoIT" time="9.509" classname="com.implementingSeleniumFunctionalities.HandleWindowsAuthentication"/>
</testsuite> <!-- com.implementingSeleniumFunctionalities.HandleWindowsAuthentication -->
